20:29:56 **** Incremental Build of configuration Debug for project DP_F401CCU6 ****
make -j8 all 
arm-none-eabi-gcc "../Core/Src/utilities.c" -mcpu=cortex-m4 -std=gnu11 -g3 -DDEBUG -DUSE_HAL_DRIVER -DSTM32F401xC -c -I../Core/Inc -I../Drivers/STM32F4xx_HAL_Driver/Inc -I../Drivers/STM32F4xx_HAL_Driver/Inc/Legacy -I../Drivers/CMSIS/Device/ST/STM32F4xx/Include -I../Drivers/CMSIS/Include -O0 -ffunction-sections -fdata-sections -Wall -fstack-usage -fcyclomatic-complexity -MMD -MP -MF"Core/Src/utilities.d" -MT"Core/Src/utilities.o" --specs=nano.specs -mfpu=fpv4-sp-d16 -mfloat-abi=hard -mthumb -o "Core/Src/utilities.o"
../Core/Src/utilities.c: In function 'send_DP_sensor_value_to_gateway':
../Core/Src/utilities.c:11:18: warning: unused variable 'PRESSURE' [-Wunused-variable]
   11 |         uint32_t PRESSURE = READ_PRESSURE();
      |                  ^~~~~~~~
arm-none-eabi-gcc -o "DP_F401CCU6.elf" @"objects.list"   -mcpu=cortex-m4 -T"C:\Users\sunil\Desktop\FL\FARAZ_SIR_UAE\DP SENSOR DESIGN\FARAZ_SIR_DP_SENSOR\DP_F401CCU6\STM32F401CCUX_FLASH.ld" --specs=nosys.specs -Wl,-Map="DP_F401CCU6.map" -Wl,--gc-sections -static --specs=nano.specs -mfpu=fpv4-sp-d16 -mfloat-abi=hard -mthumb -Wl,--start-group -lc -lm -Wl,--end-group
Finished building target: DP_F401CCU6.elf
 
arm-none-eabi-size   DP_F401CCU6.elf 
arm-none-eabi-objdump -h -S  DP_F401CCU6.elf  > "DP_F401CCU6.list"
   text	   data	    bss	    dec	    hex	filename
  25168	    120	   2312	  27600	   6bd0	DP_F401CCU6.elf
Finished building: default.size.stdout
 
Finished building: DP_F401CCU6.list
 
20:30:11 **** Incremental Build of configuration Debug for project DP_F401CCU6 ****
make -j8 all 
arm-none-eabi-size   DP_F401CCU6.elf 
   text	   data	    bss	    dec	    hex	filename
  25168	    120	   2312	  27600	   6bd0	DP_F401CCU6.elf
Finished building: default.size.stdout
 
20:30:30 **** Incremental Build of configuration Debug for project DP_F401CCU6 ****
make -j8 all 
arm-none-eabi-size   DP_F401CCU6.elf 
   text	   data	    bss	    dec	    hex	filename
  25168	    120	   2312	  27600	   6bd0	DP_F401CCU6.elf
Finished building: default.size.stdout
 
20:32:21 **** Incremental Build of configuration Debug for project DP_F401CCU6 ****
make -j8 all 
arm-none-eabi-size   DP_F401CCU6.elf 
   text	   data	    bss	    dec	    hex	filename
  25168	    120	   2312	  27600	   6bd0	DP_F401CCU6.elf
Finished building: default.size.stdout
 
20:36:03 **** Incremental Build of configuration Debug for project DP_F401CCU6 ****
make -j8 all 
arm-none-eabi-size   DP_F401CCU6.elf 
   text	   data	    bss	    dec	    hex	filename
  25168	    120	   2312	  27600	   6bd0	DP_F401CCU6.elf
Finished building: default.size.stdout
 
20:37:35 **** Incremental Build of configuration Debug for project DP_F401CCU6 ****
make -j8 all 
arm-none-eabi-gcc "../Core/Src/nrf_helper.c" -mcpu=cortex-m4 -std=gnu11 -g3 -DDEBUG -DUSE_HAL_DRIVER -DSTM32F401xC -c -I../Core/Inc -I../Drivers/STM32F4xx_HAL_Driver/Inc -I../Drivers/STM32F4xx_HAL_Driver/Inc/Legacy -I../Drivers/CMSIS/Device/ST/STM32F4xx/Include -I../Drivers/CMSIS/Include -O0 -ffunction-sections -fdata-sections -Wall -fstack-usage -fcyclomatic-complexity -MMD -MP -MF"Core/Src/nrf_helper.d" -MT"Core/Src/nrf_helper.o" --specs=nano.specs -mfpu=fpv4-sp-d16 -mfloat-abi=hard -mthumb -o "Core/Src/nrf_helper.o"
arm-none-eabi-gcc -o "DP_F401CCU6.elf" @"objects.list"   -mcpu=cortex-m4 -T"C:\Users\sunil\Desktop\FL\FARAZ_SIR_UAE\DP SENSOR DESIGN\FARAZ_SIR_DP_SENSOR\DP_F401CCU6\STM32F401CCUX_FLASH.ld" --specs=nosys.specs -Wl,-Map="DP_F401CCU6.map" -Wl,--gc-sections -static --specs=nano.specs -mfpu=fpv4-sp-d16 -mfloat-abi=hard -mthumb -Wl,--start-group -lc -lm -Wl,--end-group
Finished building target: DP_F401CCU6.elf
 
arm-none-eabi-size   DP_F401CCU6.elf 
arm-none-eabi-objdump -h -S  DP_F401CCU6.elf  > "DP_F401CCU6.list"
   text	   data	    bss	    dec	    hex	filename
  25204	    128	   2312	  27644	   6bfc	DP_F401CCU6.elf
Finished building: default.size.stdout
 
Finished building: DP_F401CCU6.list
 
20:40:15 **** Incremental Build of configuration Debug for project DP_F401CCU6 ****
make -j8 all 
arm-none-eabi-size   DP_F401CCU6.elf 
   text	   data	    bss	    dec	    hex	filename
  25204	    128	   2312	  27644	   6bfc	DP_F401CCU6.elf
Finished building: default.size.stdout
 
20:40:44 **** Incremental Build of configuration Debug for project DP_F401CCU6 ****
make -j8 all 
arm-none-eabi-gcc "../Core/Src/utilities.c" -mcpu=cortex-m4 -std=gnu11 -g3 -DDEBUG -DUSE_HAL_DRIVER -DSTM32F401xC -c -I../Core/Inc -I../Drivers/STM32F4xx_HAL_Driver/Inc -I../Drivers/STM32F4xx_HAL_Driver/Inc/Legacy -I../Drivers/CMSIS/Device/ST/STM32F4xx/Include -I../Drivers/CMSIS/Include -O0 -ffunction-sections -fdata-sections -Wall -fstack-usage -fcyclomatic-complexity -MMD -MP -MF"Core/Src/utilities.d" -MT"Core/Src/utilities.o" --specs=nano.specs -mfpu=fpv4-sp-d16 -mfloat-abi=hard -mthumb -o "Core/Src/utilities.o"
../Core/Src/utilities.c: In function 'send_DP_sensor_value_to_gateway':
../Core/Src/utilities.c:11:18: warning: unused variable 'PRESSURE' [-Wunused-variable]
   11 |         uint32_t PRESSURE = READ_PRESSURE();
      |                  ^~~~~~~~
arm-none-eabi-gcc -o "DP_F401CCU6.elf" @"objects.list"   -mcpu=cortex-m4 -T"C:\Users\sunil\Desktop\FL\FARAZ_SIR_UAE\DP SENSOR DESIGN\FARAZ_SIR_DP_SENSOR\DP_F401CCU6\STM32F401CCUX_FLASH.ld" --specs=nosys.specs -Wl,-Map="DP_F401CCU6.map" -Wl,--gc-sections -static --specs=nano.specs -mfpu=fpv4-sp-d16 -mfloat-abi=hard -mthumb -Wl,--start-group -lc -lm -Wl,--end-group
Finished building target: DP_F401CCU6.elf
 
arm-none-eabi-size   DP_F401CCU6.elf 
arm-none-eabi-objdump -h -S  DP_F401CCU6.elf  > "DP_F401CCU6.list"
   text	   data	    bss	    dec	    hex	filename
  25204	    128	   2312	  27644	   6bfc	DP_F401CCU6.elf
Finished building: default.size.stdout
 
Finished building: DP_F401CCU6.list
 
20:42:15 **** Incremental Build of configuration Debug for project DP_F401CCU6 ****
make -j8 all 
arm-none-eabi-gcc "../Core/Src/main.c" -mcpu=cortex-m4 -std=gnu11 -g3 -DDEBUG -DUSE_HAL_DRIVER -DSTM32F401xC -c -I../Core/Inc -I../Drivers/STM32F4xx_HAL_Driver/Inc -I../Drivers/STM32F4xx_HAL_Driver/Inc/Legacy -I../Drivers/CMSIS/Device/ST/STM32F4xx/Include -I../Drivers/CMSIS/Include -O0 -ffunction-sections -fdata-sections -Wall -fstack-usage -fcyclomatic-complexity -MMD -MP -MF"Core/Src/main.d" -MT"Core/Src/main.o" --specs=nano.specs -mfpu=fpv4-sp-d16 -mfloat-abi=hard -mthumb -o "Core/Src/main.o"
arm-none-eabi-gcc -o "DP_F401CCU6.elf" @"objects.list"   -mcpu=cortex-m4 -T"C:\Users\sunil\Desktop\FL\FARAZ_SIR_UAE\DP SENSOR DESIGN\FARAZ_SIR_DP_SENSOR\DP_F401CCU6\STM32F401CCUX_FLASH.ld" --specs=nosys.specs -Wl,-Map="DP_F401CCU6.map" -Wl,--gc-sections -static --specs=nano.specs -mfpu=fpv4-sp-d16 -mfloat-abi=hard -mthumb -Wl,--start-group -lc -lm -Wl,--end-group
Finished building target: DP_F401CCU6.elf
 
arm-none-eabi-size   DP_F401CCU6.elf 
arm-none-eabi-objdump -h -S  DP_F401CCU6.elf  > "DP_F401CCU6.list"
   text	   data	    bss	    dec	    hex	filename
  25204	    128	   2312	  27644	   6bfc	DP_F401CCU6.elf
Finished building: default.size.stdout
 
Finished building: DP_F401CCU6.list
 
20:43:13 **** Incremental Build of configuration Debug for project DP_F401CCU6 ****
make -j8 all 
arm-none-eabi-gcc "../Core/Src/utilities.c" -mcpu=cortex-m4 -std=gnu11 -g3 -DDEBUG -DUSE_HAL_DRIVER -DSTM32F401xC -c -I../Core/Inc -I../Drivers/STM32F4xx_HAL_Driver/Inc -I../Drivers/STM32F4xx_HAL_Driver/Inc/Legacy -I../Drivers/CMSIS/Device/ST/STM32F4xx/Include -I../Drivers/CMSIS/Include -O0 -ffunction-sections -fdata-sections -Wall -fstack-usage -fcyclomatic-complexity -MMD -MP -MF"Core/Src/utilities.d" -MT"Core/Src/utilities.o" --specs=nano.specs -mfpu=fpv4-sp-d16 -mfloat-abi=hard -mthumb -o "Core/Src/utilities.o"
../Core/Src/utilities.c: In function 'send_DP_sensor_value_to_gateway':
../Core/Src/utilities.c:11:18: warning: unused variable 'PRESSURE' [-Wunused-variable]
   11 |         uint32_t PRESSURE = READ_PRESSURE();
      |                  ^~~~~~~~
arm-none-eabi-gcc -o "DP_F401CCU6.elf" @"objects.list"   -mcpu=cortex-m4 -T"C:\Users\sunil\Desktop\FL\FARAZ_SIR_UAE\DP SENSOR DESIGN\FARAZ_SIR_DP_SENSOR\DP_F401CCU6\STM32F401CCUX_FLASH.ld" --specs=nosys.specs -Wl,-Map="DP_F401CCU6.map" -Wl,--gc-sections -static --specs=nano.specs -mfpu=fpv4-sp-d16 -mfloat-abi=hard -mthumb -Wl,--start-group -lc -lm -Wl,--end-group
Finished building target: DP_F401CCU6.elf
 
arm-none-eabi-size   DP_F401CCU6.elf 
arm-none-eabi-objdump -h -S  DP_F401CCU6.elf  > "DP_F401CCU6.list"
   text	   data	    bss	    dec	    hex	filename
  25204	    128	   2312	  27644	   6bfc	DP_F401CCU6.elf
Finished building: default.size.stdout
 
Finished building: DP_F401CCU6.list
 
20:47:37 **** Incremental Build of configuration Debug for project DP_F401CCU6 ****
make -j8 all 
arm-none-eabi-gcc "../Core/Src/utilities.c" -mcpu=cortex-m4 -std=gnu11 -g3 -DDEBUG -DUSE_HAL_DRIVER -DSTM32F401xC -c -I../Core/Inc -I../Drivers/STM32F4xx_HAL_Driver/Inc -I../Drivers/STM32F4xx_HAL_Driver/Inc/Legacy -I../Drivers/CMSIS/Device/ST/STM32F4xx/Include -I../Drivers/CMSIS/Include -O0 -ffunction-sections -fdata-sections -Wall -fstack-usage -fcyclomatic-complexity -MMD -MP -MF"Core/Src/utilities.d" -MT"Core/Src/utilities.o" --specs=nano.specs -mfpu=fpv4-sp-d16 -mfloat-abi=hard -mthumb -o "Core/Src/utilities.o"
../Core/Src/utilities.c: In function 'send_DP_sensor_value_to_gateway':
../Core/Src/utilities.c:13:31: error: 'number' undeclared (first use in this function)
   13 |         sprintf(buffer, "%u", number);
      |                               ^~~~~~
../Core/Src/utilities.c:13:31: note: each undeclared identifier is reported only once for each function it appears in
../Core/Src/utilities.c:11:18: warning: unused variable 'PRESSURE' [-Wunused-variable]
   11 |         uint32_t PRESSURE = READ_PRESSURE();
      |                  ^~~~~~~~
make: *** [Core/Src/subdir.mk:46: Core/Src/utilities.o] Error 1
"make -j8 all" terminated with exit code 2. Build might be incomplete.
20:47:50 **** Incremental Build of configuration Debug for project DP_F401CCU6 ****
make -j8 all 
arm-none-eabi-gcc "../Core/Src/utilities.c" -mcpu=cortex-m4 -std=gnu11 -g3 -DDEBUG -DUSE_HAL_DRIVER -DSTM32F401xC -c -I../Core/Inc -I../Drivers/STM32F4xx_HAL_Driver/Inc -I../Drivers/STM32F4xx_HAL_Driver/Inc/Legacy -I../Drivers/CMSIS/Device/ST/STM32F4xx/Include -I../Drivers/CMSIS/Include -O0 -ffunction-sections -fdata-sections -Wall -fstack-usage -fcyclomatic-complexity -MMD -MP -MF"Core/Src/utilities.d" -MT"Core/Src/utilities.o" --specs=nano.specs -mfpu=fpv4-sp-d16 -mfloat-abi=hard -mthumb -o "Core/Src/utilities.o"
../Core/Src/utilities.c: In function 'send_DP_sensor_value_to_gateway':
../Core/Src/utilities.c:13:27: warning: format '%u' expects argument of type 'unsigned int', but argument 3 has type 'uint32_t' {aka 'long unsigned int'} [-Wformat=]
   13 |         sprintf(buffer, "%u", PRESSURE);
      |                          ~^   ~~~~~~~~
      |                           |   |
      |                           |   uint32_t {aka long unsigned int}
      |                           unsigned int
      |                          %lu
arm-none-eabi-gcc -o "DP_F401CCU6.elf" @"objects.list"   -mcpu=cortex-m4 -T"C:\Users\sunil\Desktop\FL\FARAZ_SIR_UAE\DP SENSOR DESIGN\FARAZ_SIR_DP_SENSOR\DP_F401CCU6\STM32F401CCUX_FLASH.ld" --specs=nosys.specs -Wl,-Map="DP_F401CCU6.map" -Wl,--gc-sections -static --specs=nano.specs -mfpu=fpv4-sp-d16 -mfloat-abi=hard -mthumb -Wl,--start-group -lc -lm -Wl,--end-group
Finished building target: DP_F401CCU6.elf
 
arm-none-eabi-size   DP_F401CCU6.elf 
arm-none-eabi-objdump -h -S  DP_F401CCU6.elf  > "DP_F401CCU6.list"
   text	   data	    bss	    dec	    hex	filename
  25236	    128	   2312	  27676	   6c1c	DP_F401CCU6.elf
Finished building: default.size.stdout
 
Finished building: DP_F401CCU6.list
 
20:48:42 **** Incremental Build of configuration Debug for project DP_F401CCU6 ****
make -j8 all 
arm-none-eabi-size   DP_F401CCU6.elf 
   text	   data	    bss	    dec	    hex	filename
  25236	    128	   2312	  27676	   6c1c	DP_F401CCU6.elf
Finished building: default.size.stdout
 
20:50:26 **** Incremental Build of configuration Debug for project DP_F401CCU6 ****
make -j8 all 
arm-none-eabi-gcc "../Core/Src/utilities.c" -mcpu=cortex-m4 -std=gnu11 -g3 -DDEBUG -DUSE_HAL_DRIVER -DSTM32F401xC -c -I../Core/Inc -I../Drivers/STM32F4xx_HAL_Driver/Inc -I../Drivers/STM32F4xx_HAL_Driver/Inc/Legacy -I../Drivers/CMSIS/Device/ST/STM32F4xx/Include -I../Drivers/CMSIS/Include -O0 -ffunction-sections -fdata-sections -Wall -fstack-usage -fcyclomatic-complexity -MMD -MP -MF"Core/Src/utilities.d" -MT"Core/Src/utilities.o" --specs=nano.specs -mfpu=fpv4-sp-d16 -mfloat-abi=hard -mthumb -o "Core/Src/utilities.o"
../Core/Src/utilities.c: In function 'send_DP_sensor_value_to_gateway':
../Core/Src/utilities.c:13:27: warning: format '%u' expects argument of type 'unsigned int', but argument 3 has type 'uint32_t' {aka 'long unsigned int'} [-Wformat=]
   13 |         sprintf(buffer, "%u", PRESSURE);
      |                          ~^   ~~~~~~~~
      |                           |   |
      |                           |   uint32_t {aka long unsigned int}
      |                           unsigned int
      |                          %lu
arm-none-eabi-gcc -o "DP_F401CCU6.elf" @"objects.list"   -mcpu=cortex-m4 -T"C:\Users\sunil\Desktop\FL\FARAZ_SIR_UAE\DP SENSOR DESIGN\FARAZ_SIR_DP_SENSOR\DP_F401CCU6\STM32F401CCUX_FLASH.ld" --specs=nosys.specs -Wl,-Map="DP_F401CCU6.map" -Wl,--gc-sections -static --specs=nano.specs -mfpu=fpv4-sp-d16 -mfloat-abi=hard -mthumb -Wl,--start-group -lc -lm -Wl,--end-group
Finished building target: DP_F401CCU6.elf
 
arm-none-eabi-size   DP_F401CCU6.elf 
arm-none-eabi-objdump -h -S  DP_F401CCU6.elf  > "DP_F401CCU6.list"
   text	   data	    bss	    dec	    hex	filename
  25244	    128	   2312	  27684	   6c24	DP_F401CCU6.elf
Finished building: default.size.stdout
 
Finished building: DP_F401CCU6.list
 
